<?xml version="1.0" encoding="UTF-8"?>
<testng-results ignored="0" total="2" passed="2" failed="0" skipped="0">
  <reporter-output>
  </reporter-output>
  <suite started-at="2024-06-11T02:00:24 IST" name="Suite" finished-at="2024-06-11T02:00:34 IST" duration-ms="9662">
    <groups>
    </groups>
    <test started-at="2024-06-11T02:00:24 IST" name="Test" finished-at="2024-06-11T02:00:34 IST" duration-ms="9662">
      <class name="com.sktesting.tests.HomepageTests">
        <test-method is-config="true" signature="setUp()[pri:0, instance:com.sktesting.tests.HomepageTests@465232e9]" started-at="2024-06-11T02:00:29 IST" name="setUp" finished-at="2024-06-11T02:00:33 IST" duration-ms="3832" status="PASS">
          <reporter-output>
          </reporter-output>
        </test-method> <!-- setUp -->
        <test-method signature="test2()[pri:0, instance:com.sktesting.tests.HomepageTests@465232e9]" started-at="2024-06-11T02:00:33 IST" name="test2" finished-at="2024-06-11T02:00:33 IST" duration-ms="274" status="PASS">
          <reporter-output>
          </reporter-output>
        </test-method> <!-- test2 -->
        <test-method is-config="true" signature="tearDown()[pri:0, instance:com.sktesting.tests.HomepageTests@465232e9]" started-at="2024-06-11T02:00:33 IST" name="tearDown" finished-at="2024-06-11T02:00:34 IST" duration-ms="758" status="PASS">
          <reporter-output>
          </reporter-output>
        </test-method> <!-- tearDown -->
      </class> <!-- com.sktesting.tests.HomepageTests -->
      <class name="com.sktesting.tests.LoginPage">
        <test-method is-config="true" signature="setUp()[pri:0, instance:com.sktesting.tests.LoginPage@3932c79a]" started-at="2024-06-11T02:00:24 IST" name="setUp" finished-at="2024-06-11T02:00:28 IST" duration-ms="3699" status="PASS">
          <reporter-output>
          </reporter-output>
        </test-method> <!-- setUp -->
        <test-method signature="test1()[pri:0, instance:com.sktesting.tests.LoginPage@3932c79a]" started-at="2024-06-11T02:00:28 IST" name="test1" finished-at="2024-06-11T02:00:28 IST" duration-ms="258" status="PASS">
          <reporter-output>
          </reporter-output>
        </test-method> <!-- test1 -->
        <test-method is-config="true" signature="tearDown()[pri:0, instance:com.sktesting.tests.LoginPage@3932c79a]" started-at="2024-06-11T02:00:28 IST" name="tearDown" finished-at="2024-06-11T02:00:29 IST" duration-ms="800" status="PASS">
          <reporter-output>
          </reporter-output>
        </test-method> <!-- tearDown -->
      </class> <!-- com.sktesting.tests.LoginPage -->
    </test> <!-- Test -->
  </suite> <!-- Suite -->
</testng-results>
